.\Debug\Account.bsc
D:\vc\Account\Debug\Account.bsc
D:\vc\Account\Debug\Account.obj
D:\vc\Account\Debug\Account.res
D:\vc\Account\Debug\Account.sbr
D:\vc\Account\Debug\Account_d.pdb
D:\vc\Account\Debug\Account1.obj
D:\vc\Account\Debug\Account1.sbr
D:\vc\Account\Debug\AccountButton.obj
D:\vc\Account\Debug\AccountButton.sbr
D:\vc\Account\Debug\AccountDlg.obj
D:\vc\Account\Debug\AccountDlg.sbr
D:\vc\Account\Debug\AccountInfoDlg.obj
D:\vc\Account\Debug\AccountInfoDlg.sbr
D:\vc\Account\Debug\AccountLogDlg.obj
D:\vc\Account\Debug\AccountLogDlg.sbr
D:\vc\Account\Debug\AccountManageDlg.obj
D:\vc\Account\Debug\AccountManageDlg.sbr
D:\vc\Account\Debug\AccountSelDlg.obj
D:\vc\Account\Debug\AccountSelDlg.sbr
D:\vc\Account\Debug\ado.obj
D:\vc\Account\Debug\ado.sbr
D:\vc\Account\Debug\DataBase.obj
D:\vc\Account\Debug\DataBase.sbr
D:\vc\Account\Debug\DataManageDlg.obj
D:\vc\Account\Debug\DataManageDlg.sbr
D:\vc\Account\Debug\Des.obj
D:\vc\Account\Debug\Des.sbr
D:\vc\Account\Debug\InOutDlg.obj
D:\vc\Account\Debug\InOutDlg.sbr
D:\vc\Account\Debug\IntoAccountMoneyDlg.obj
D:\vc\Account\Debug\IntoAccountMoneyDlg.sbr
D:\vc\Account\Debug\MakeReportDlg.obj
D:\vc\Account\Debug\MakeReportDlg.sbr
D:\vc\Account\Debug\MoneyDlg.obj
D:\vc\Account\Debug\MoneyDlg.sbr
D:\vc\Account\Debug\MoneyMoveDlg.obj
D:\vc\Account\Debug\MoneyMoveDlg.sbr
D:\vc\Account\Debug\MoneyOper.obj
D:\vc\Account\Debug\MoneyOper.sbr
D:\vc\Account\Debug\msado15.tlh
D:\vc\Account\Debug\msado15.tli
D:\vc\Account\Debug\MyList.obj
D:\vc\Account\Debug\MyList.sbr
D:\vc\Account\Debug\Parameter.obj
D:\vc\Account\Debug\Parameter.sbr
D:\vc\Account\Debug\Pay.obj
D:\vc\Account\Debug\Pay.sbr
D:\vc\Account\Debug\PayDlg.obj
D:\vc\Account\Debug\PayDlg.sbr
D:\vc\Account\Debug\ReportDlg.obj
D:\vc\Account\Debug\ReportDlg.sbr
D:\vc\Account\Debug\SearchDlg.obj
D:\vc\Account\Debug\SearchDlg.sbr
D:\vc\Account\Debug\SettingDlg.obj
D:\vc\Account\Debug\SettingDlg.sbr
D:\vc\Account\Debug\StdAfx.obj
D:\vc\Account\Debug\StdAfx.sbr
D:\vc\Account\Debug\User.obj
D:\vc\Account\Debug\User.sbr
D:\vc\Account\Debug\UserAccountDlg.obj
D:\vc\Account\Debug\UserAccountDlg.sbr
D:\vc\Account\Debug\UserLoginDlg.obj
D:\vc\Account\Debug\UserLoginDlg.sbr
D:\vc\Account\Debug\vc60.idb
D:\vc\Account\Debug\vc60.pdb
